<?xml version="1.0" encoding="UTF-8"?>
<coverage generated="1698919510695" clover="3.2.0">
  <project timestamp="1698919510695" name="All files">
    <metrics statements="33" coveredstatements="23" conditionals="16" coveredconditionals="14" methods="12" coveredmethods="6" elements="61" coveredelements="43" complexity="0" loc="33" ncloc="33" packages="1" files="4" classes="4"/>
    <file name="db.js" path="C:\Users\Tomas\Desktop\KEA local\DAT\week_44_test\demo-testing\db.js">
      <metrics statements="8" coveredstatements="3" conditionals="0" coveredconditionals="0" methods="3" coveredmethods="0"/>
      <line num="4" count="1" type="stmt"/>
      <line num="5" count="0" type="stmt"/>
      <line num="6" count="0" type="stmt"/>
      <line num="10" count="1" type="stmt"/>
      <line num="11" count="0" type="stmt"/>
      <line num="12" count="0" type="stmt"/>
      <line num="13" count="0" type="stmt"/>
      <line num="17" count="1" type="stmt"/>
    </file>
    <file name="fizzbuzz.js" path="C:\Users\Tomas\Desktop\KEA local\DAT\week_44_test\demo-testing\fizzbuzz.js">
      <metrics statements="5" coveredstatements="5" conditionals="10" coveredconditionals="10" methods="1" coveredmethods="1"/>
      <line num="2" count="24" type="cond" truecount="2" falsecount="0"/>
      <line num="4" count="19" type="cond" truecount="4" falsecount="0"/>
      <line num="6" count="16" type="cond" truecount="2" falsecount="0"/>
      <line num="8" count="12" type="cond" truecount="2" falsecount="0"/>
      <line num="10" count="8" type="stmt"/>
    </file>
    <file name="lib.js" path="C:\Users\Tomas\Desktop\KEA local\DAT\week_44_test\demo-testing\lib.js">
      <metrics statements="18" coveredstatements="14" conditionals="6" coveredconditionals="4" methods="7" coveredmethods="5"/>
      <line num="5" count="1" type="stmt"/>
      <line num="6" count="3" type="cond" truecount="2" falsecount="0"/>
      <line num="10" count="1" type="stmt"/>
      <line num="11" count="1" type="stmt"/>
      <line num="15" count="1" type="stmt"/>
      <line num="16" count="1" type="stmt"/>
      <line num="20" count="1" type="stmt"/>
      <line num="21" count="1" type="stmt"/>
      <line num="25" count="1" type="stmt"/>
      <line num="26" count="7" type="cond" truecount="2" falsecount="0"/>
      <line num="28" count="1" type="stmt"/>
      <line num="32" count="1" type="stmt"/>
      <line num="33" count="0" type="stmt"/>
      <line num="35" count="0" type="cond" truecount="0" falsecount="2"/>
      <line num="39" count="1" type="stmt"/>
      <line num="40" count="0" type="stmt"/>
      <line num="42" count="0" type="stmt"/>
      <line num="45" count="1" type="stmt"/>
    </file>
    <file name="mail.js" path="C:\Users\Tomas\Desktop\KEA local\DAT\week_44_test\demo-testing\mail.js">
      <metrics statements="2" coveredstatements="1" conditionals="0" coveredconditionals="0" methods="1" coveredmethods="0"/>
      <line num="1" count="1" type="stmt"/>
      <line num="2" count="0" type="stmt"/>
    </file>
  </project>
</coverage>
