<?xml version="1.0" encoding="UTF-8"?>
<coverage generated="1698914067411" clover="3.2.0">
  <project timestamp="1698914067411" name="All files">
    <metrics statements="28" coveredstatements="13" conditionals="6" coveredconditionals="2" methods="11" coveredmethods="1" elements="45" coveredelements="16" complexity="0" loc="28" ncloc="28" packages="1" files="3" classes="3"/>
    <file name="db.js" path="C:\Users\Tomas\Desktop\KEA local\DAT\week_44_test\demo-testing\db.js">
      <metrics statements="8" coveredstatements="3" conditionals="0" coveredconditionals="0" methods="3" coveredmethods="0"/>
      <line num="4" count="1" type="stmt"/>
      <line num="5" count="0" type="stmt"/>
      <line num="6" count="0" type="stmt"/>
      <line num="10" count="1" type="stmt"/>
      <line num="11" count="0" type="stmt"/>
      <line num="12" count="0" type="stmt"/>
      <line num="13" count="0" type="stmt"/>
      <line num="17" count="1" type="stmt"/>
    </file>
    <file name="lib.js" path="C:\Users\Tomas\Desktop\KEA local\DAT\week_44_test\demo-testing\lib.js">
      <metrics statements="18" coveredstatements="9" conditionals="6" coveredconditionals="2" methods="7" coveredmethods="1"/>
      <line num="5" count="1" type="stmt"/>
      <line num="6" count="3" type="cond" truecount="2" falsecount="0"/>
      <line num="10" count="1" type="stmt"/>
      <line num="11" count="0" type="stmt"/>
      <line num="15" count="1" type="stmt"/>
      <line num="16" count="0" type="stmt"/>
      <line num="20" count="1" type="stmt"/>
      <line num="21" count="0" type="stmt"/>
      <line num="25" count="1" type="stmt"/>
      <line num="26" count="0" type="cond" truecount="0" falsecount="2"/>
      <line num="28" count="0" type="stmt"/>
      <line num="32" count="1" type="stmt"/>
      <line num="33" count="0" type="stmt"/>
      <line num="35" count="0" type="cond" truecount="0" falsecount="2"/>
      <line num="39" count="1" type="stmt"/>
      <line num="40" count="0" type="stmt"/>
      <line num="42" count="0" type="stmt"/>
      <line num="45" count="1" type="stmt"/>
    </file>
    <file name="mail.js" path="C:\Users\Tomas\Desktop\KEA local\DAT\week_44_test\demo-testing\mail.js">
      <metrics statements="2" coveredstatements="1" conditionals="0" coveredconditionals="0" methods="1" coveredmethods="0"/>
      <line num="1" count="1" type="stmt"/>
      <line num="2" count="0" type="stmt"/>
    </file>
  </project>
</coverage>
