{"C:\\Users\\Tomas\\Desktop\\KEA local\\DAT\\week_44_test\\demo-testing\\db.js": {"path":"C:\\Users\\Tomas\\Desktop\\KEA local\\DAT\\week_44_test\\demo-testing\\db.js","statementMap":{"0":{"start":{"line":4,"column":24},"end":{"line":7,"column":1}},"1":{"start":{"line":5,"column":2},"end":{"line":5,"column":52}},"2":{"start":{"line":6,"column":2},"end":{"line":6,"column":32}},"3":{"start":{"line":10,"column":20},"end":{"line":15,"column":1}},"4":{"start":{"line":11,"column":2},"end":{"line":14,"column":5}},"5":{"start":{"line":12,"column":4},"end":{"line":12,"column":54}},"6":{"start":{"line":13,"column":4},"end":{"line":13,"column":36}},"7":{"start":{"line":17,"column":11},"end":{"line":20,"column":1}}},"fnMap":{"0":{"name":"(anonymous_0)","decl":{"start":{"line":4,"column":24},"end":{"line":4,"column":25}},"loc":{"start":{"line":4,"column":38},"end":{"line":7,"column":1}},"line":4},"1":{"name":"(anonymous_1)","decl":{"start":{"line":10,"column":20},"end":{"line":10,"column":21}},"loc":{"start":{"line":10,"column":40},"end":{"line":15,"column":1}},"line":10},"2":{"name":"(anonymous_2)","decl":{"start":{"line":11,"column":21},"end":{"line":11,"column":22}},"loc":{"start":{"line":11,"column":42},"end":{"line":14,"column":3}},"line":11}},"branchMap":{},"s":{"0":1,"1":0,"2":0,"3":1,"4":0,"5":0,"6":0,"7":1},"f":{"0":0,"1":0,"2":0},"b":{},"_coverageSchema":"1a1c01bbd47fc00a2c39e90264f33305004495a9","hash":"45f90c276dcadbaa8a24055e85c90c3883bf75d5"}
,"C:\\Users\\Tomas\\Desktop\\KEA local\\DAT\\week_44_test\\demo-testing\\fizzbuzz.js": {"path":"C:\\Users\\Tomas\\Desktop\\KEA local\\DAT\\week_44_test\\demo-testing\\fizzbuzz.js","statementMap":{"0":{"start":{"line":2,"column":2},"end":{"line":2,"column":78}},"1":{"start":{"line":2,"column":33},"end":{"line":2,"column":78}},"2":{"start":{"line":4,"column":2},"end":{"line":4,"column":60}},"3":{"start":{"line":4,"column":42},"end":{"line":4,"column":60}},"4":{"start":{"line":6,"column":2},"end":{"line":6,"column":37}},"5":{"start":{"line":6,"column":23},"end":{"line":6,"column":37}},"6":{"start":{"line":8,"column":2},"end":{"line":8,"column":37}},"7":{"start":{"line":8,"column":23},"end":{"line":8,"column":37}},"8":{"start":{"line":10,"column":2},"end":{"line":10,"column":15}}},"fnMap":{"0":{"name":"fizzBuzz","decl":{"start":{"line":1,"column":9},"end":{"line":1,"column":17}},"loc":{"start":{"line":1,"column":25},"end":{"line":11,"column":1}},"line":1}},"branchMap":{"0":{"loc":{"start":{"line":2,"column":2},"end":{"line":2,"column":78}},"type":"if","locations":[{"start":{"line":2,"column":2},"end":{"line":2,"column":78}},{"start":{},"end":{}}],"line":2},"1":{"loc":{"start":{"line":4,"column":2},"end":{"line":4,"column":60}},"type":"if","locations":[{"start":{"line":4,"column":2},"end":{"line":4,"column":60}},{"start":{},"end":{}}],"line":4},"2":{"loc":{"start":{"line":4,"column":6},"end":{"line":4,"column":40}},"type":"binary-expr","locations":[{"start":{"line":4,"column":6},"end":{"line":4,"column":21}},{"start":{"line":4,"column":25},"end":{"line":4,"column":40}}],"line":4},"3":{"loc":{"start":{"line":6,"column":2},"end":{"line":6,"column":37}},"type":"if","locations":[{"start":{"line":6,"column":2},"end":{"line":6,"column":37}},{"start":{},"end":{}}],"line":6},"4":{"loc":{"start":{"line":8,"column":2},"end":{"line":8,"column":37}},"type":"if","locations":[{"start":{"line":8,"column":2},"end":{"line":8,"column":37}},{"start":{},"end":{}}],"line":8}},"s":{"0":24,"1":5,"2":19,"3":3,"4":16,"5":4,"6":12,"7":4,"8":8},"f":{"0":24},"b":{"0":[5,19],"1":[3,16],"2":[19,7],"3":[4,12],"4":[4,8]},"_coverageSchema":"1a1c01bbd47fc00a2c39e90264f33305004495a9","hash":"45ae6dfae01602c1fa976ed463ec83ef862fa2c4"}
,"C:\\Users\\Tomas\\Desktop\\KEA local\\DAT\\week_44_test\\demo-testing\\lib.js": {"path":"C:\\Users\\Tomas\\Desktop\\KEA local\\DAT\\week_44_test\\demo-testing\\lib.js","statementMap":{"0":{"start":{"line":5,"column":17},"end":{"line":7,"column":1}},"1":{"start":{"line":6,"column":2},"end":{"line":6,"column":40}},"2":{"start":{"line":10,"column":14},"end":{"line":12,"column":1}},"3":{"start":{"line":11,"column":2},"end":{"line":11,"column":27}},"4":{"start":{"line":15,"column":22},"end":{"line":17,"column":1}},"5":{"start":{"line":16,"column":2},"end":{"line":16,"column":31}},"6":{"start":{"line":20,"column":19},"end":{"line":22,"column":1}},"7":{"start":{"line":21,"column":2},"end":{"line":21,"column":38}},"8":{"start":{"line":25,"column":21},"end":{"line":29,"column":1}},"9":{"start":{"line":26,"column":2},"end":{"line":26,"column":58}},"10":{"start":{"line":26,"column":17},"end":{"line":26,"column":58}},"11":{"start":{"line":28,"column":2},"end":{"line":28,"column":58}},"12":{"start":{"line":32,"column":22},"end":{"line":36,"column":1}},"13":{"start":{"line":33,"column":19},"end":{"line":33,"column":55}},"14":{"start":{"line":35,"column":2},"end":{"line":35,"column":52}},"15":{"start":{"line":35,"column":28},"end":{"line":35,"column":52}},"16":{"start":{"line":39,"column":23},"end":{"line":43,"column":1}},"17":{"start":{"line":40,"column":19},"end":{"line":40,"column":55}},"18":{"start":{"line":42,"column":2},"end":{"line":42,"column":67}},"19":{"start":{"line":45,"column":12},"end":{"line":53,"column":1}}},"fnMap":{"0":{"name":"(anonymous_0)","decl":{"start":{"line":5,"column":17},"end":{"line":5,"column":18}},"loc":{"start":{"line":5,"column":35},"end":{"line":7,"column":1}},"line":5},"1":{"name":"(anonymous_1)","decl":{"start":{"line":10,"column":14},"end":{"line":10,"column":15}},"loc":{"start":{"line":10,"column":30},"end":{"line":12,"column":1}},"line":10},"2":{"name":"(anonymous_2)","decl":{"start":{"line":15,"column":22},"end":{"line":15,"column":23}},"loc":{"start":{"line":15,"column":34},"end":{"line":17,"column":1}},"line":15},"3":{"name":"(anonymous_3)","decl":{"start":{"line":20,"column":19},"end":{"line":20,"column":20}},"loc":{"start":{"line":20,"column":40},"end":{"line":22,"column":1}},"line":20},"4":{"name":"(anonymous_4)","decl":{"start":{"line":25,"column":21},"end":{"line":25,"column":22}},"loc":{"start":{"line":25,"column":41},"end":{"line":29,"column":1}},"line":25},"5":{"name":"(anonymous_5)","decl":{"start":{"line":32,"column":22},"end":{"line":32,"column":23}},"loc":{"start":{"line":32,"column":39},"end":{"line":36,"column":1}},"line":32},"6":{"name":"(anonymous_6)","decl":{"start":{"line":39,"column":23},"end":{"line":39,"column":24}},"loc":{"start":{"line":39,"column":40},"end":{"line":43,"column":1}},"line":39}},"branchMap":{"0":{"loc":{"start":{"line":6,"column":9},"end":{"line":6,"column":39}},"type":"cond-expr","locations":[{"start":{"line":6,"column":23},"end":{"line":6,"column":29}},{"start":{"line":6,"column":32},"end":{"line":6,"column":39}}],"line":6},"1":{"loc":{"start":{"line":26,"column":2},"end":{"line":26,"column":58}},"type":"if","locations":[{"start":{"line":26,"column":2},"end":{"line":26,"column":58}},{"start":{},"end":{}}],"line":26},"2":{"loc":{"start":{"line":35,"column":2},"end":{"line":35,"column":52}},"type":"if","locations":[{"start":{"line":35,"column":2},"end":{"line":35,"column":52}},{"start":{},"end":{}}],"line":35}},"s":{"0":1,"1":3,"2":1,"3":1,"4":1,"5":1,"6":1,"7":1,"8":1,"9":7,"10":6,"11":1,"12":1,"13":0,"14":0,"15":0,"16":1,"17":0,"18":0,"19":1},"f":{"0":3,"1":1,"2":1,"3":1,"4":7,"5":0,"6":0},"b":{"0":[2,1],"1":[6,1],"2":[0,0]},"_coverageSchema":"1a1c01bbd47fc00a2c39e90264f33305004495a9","hash":"3f2597d1f53ff3a51cfc2cd469573501d65e669b"}
,"C:\\Users\\Tomas\\Desktop\\KEA local\\DAT\\week_44_test\\demo-testing\\mail.js": {"path":"C:\\Users\\Tomas\\Desktop\\KEA local\\DAT\\week_44_test\\demo-testing\\mail.js","statementMap":{"0":{"start":{"line":1,"column":13},"end":{"line":3,"column":1}},"1":{"start":{"line":2,"column":2},"end":{"line":2,"column":37}}},"fnMap":{"0":{"name":"(anonymous_0)","decl":{"start":{"line":1,"column":13},"end":{"line":1,"column":14}},"loc":{"start":{"line":1,"column":36},"end":{"line":3,"column":1}},"line":1}},"branchMap":{},"s":{"0":1,"1":0},"f":{"0":0},"b":{},"_coverageSchema":"1a1c01bbd47fc00a2c39e90264f33305004495a9","hash":"dd29fddd068cabb107f9b9dbb097ab0d4431c33d"}
}
