TN:
SF:db.js
FN:4,(anonymous_0)
FN:10,(anonymous_1)
FN:11,(anonymous_2)
FNF:3
FNH:0
FNDA:0,(anonymous_0)
FNDA:0,(anonymous_1)
FNDA:0,(anonymous_2)
DA:4,1
DA:5,0
DA:6,0
DA:10,1
DA:11,0
DA:12,0
DA:13,0
DA:17,1
LF:8
LH:3
BRF:0
BRH:0
end_of_record
TN:
SF:fizzbuzz.js
FN:1,fizzBuzz
FNF:1
FNH:1
FNDA:24,fizzBuzz
DA:2,24
DA:4,19
DA:6,16
DA:8,12
DA:10,8
LF:5
LH:5
BRDA:2,0,0,5
BRDA:2,0,1,19
BRDA:4,1,0,3
BRDA:4,1,1,16
BRDA:4,2,0,19
BRDA:4,2,1,7
BRDA:6,3,0,4
BRDA:6,3,1,12
BRDA:8,4,0,4
BRDA:8,4,1,8
BRF:10
BRH:10
end_of_record
TN:
SF:lib.js
FN:5,(anonymous_0)
FN:10,(anonymous_1)
FN:15,(anonymous_2)
FN:20,(anonymous_3)
FN:25,(anonymous_4)
FN:32,(anonymous_5)
FN:39,(anonymous_6)
FNF:7
FNH:5
FNDA:3,(anonymous_0)
FNDA:1,(anonymous_1)
FNDA:1,(anonymous_2)
FNDA:1,(anonymous_3)
FNDA:7,(anonymous_4)
FNDA:0,(anonymous_5)
FNDA:0,(anonymous_6)
DA:5,1
DA:6,3
DA:10,1
DA:11,1
DA:15,1
DA:16,1
DA:20,1
DA:21,1
DA:25,1
DA:26,7
DA:28,1
DA:32,1
DA:33,0
DA:35,0
DA:39,1
DA:40,0
DA:42,0
DA:45,1
LF:18
LH:14
BRDA:6,0,0,2
BRDA:6,0,1,1
BRDA:26,1,0,6
BRDA:26,1,1,1
BRDA:35,2,0,0
BRDA:35,2,1,0
BRF:6
BRH:4
end_of_record
TN:
SF:mail.js
FN:1,(anonymous_0)
FNF:1
FNH:0
FNDA:0,(anonymous_0)
DA:1,1
DA:2,0
LF:2
LH:1
BRF:0
BRH:0
end_of_record
